::1 - - [01/May/2024:08:59:25 +0000] "GET /api/v1/user HTTP/1.1" 200 2 "-" "PostmanRuntime/7.37.3"
::1 - - [01/May/2024:09:00:05 +0000] "GET /api/v1/user HTTP/1.1" 200 36 "-" "PostmanRuntime/7.37.3"
::1 - - [01/May/2024:09:03:28 +0000] "GET /api/v1/user HTTP/1.1" 500 68 "-" "PostmanRuntime/7.37.3"
::1 - - [01/May/2024:09:03:44 +0000] "GET /api/v1/user HTTP/1.1" 200 11819013 "-" "PostmanRuntime/7.37.3"
::1 - - [01/May/2024:09:13:24 +0000] "GET /api/v1/user/wallets HTTP/1.1" 200 11819013 "-" "PostmanRuntime/7.37.3"
::1 - - [01/May/2024:09:17:49 +0000] "GET /api/v1/user/wallet/95 HTTP/1.1" 200 186 "-" "PostmanRuntime/7.37.3"
::1 - - [01/May/2024:09:50:38 +0000] "GET /api/v1/user/wallets HTTP/1.1" 200 1540 "-" "PostmanRuntime/7.37.3"
::1 - - [01/May/2024:09:53:35 +0000] "GET /api/v1/user/wallets?page_no=2 HTTP/1.1" 200 1540 "-" "PostmanRuntime/7.37.3"
::1 - - [01/May/2024:09:54:57 +0000] "GET /api/v1/user/wallets?page_no=2 HTTP/1.1" 200 1662 "-" "PostmanRuntime/7.37.3"
::1 - - [01/May/2024:09:55:04 +0000] "GET /api/v1/user/wallets?page_no=3 HTTP/1.1" 200 1656 "-" "PostmanRuntime/7.37.3"
::1 - - [01/May/2024:09:55:58 +0000] "GET /api/v1/user/wallet/95 HTTP/1.1" 200 225 "-" "PostmanRuntime/7.37.3"
::1 - - [01/May/2024:09:57:34 +0000] "GET /api/v1/user/wallet/95 HTTP/1.1" 200 186 "-" "PostmanRuntime/7.37.3"
::1 - - [01/May/2024:11:32:00 +0000] "GET /api/v1/user/allUsers HTTP/1.1" 200 29401496 "-" "PostmanRuntime/7.37.3"
::1 - - [01/May/2024:11:42:44 +0000] "GET /api/v1/user/allUsers HTTP/1.1" 200 3509 "-" "PostmanRuntime/7.37.3"
::1 - - [01/May/2024:11:43:55 +0000] "GET /api/v1/user/allUsers HTTP/1.1" 200 3509 "-" "PostmanRuntime/7.37.3"
::1 - - [01/May/2024:11:44:45 +0000] "GET /api/v1/user/allUsers?page_no=2 HTTP/1.1" 200 3347 "-" "PostmanRuntime/7.37.3"
::1 - - [01/May/2024:11:44:53 +0000] "GET /api/v1/user/allUsers?page_no=3 HTTP/1.1" 200 3399 "-" "PostmanRuntime/7.37.3"
::1 - - [01/May/2024:11:45:01 +0000] "GET /api/v1/user/allUsers?page_no=3098766 HTTP/1.1" 200 72 "-" "PostmanRuntime/7.37.3"
::1 - - [01/May/2024:11:45:10 +0000] "GET /api/v1/user/allUsers?page_no=31 HTTP/1.1" 200 3351 "-" "PostmanRuntime/7.37.3"
::1 - - [01/May/2024:11:48:22 +0000] "GET /api/v1/user/wallet/95636365365365 HTTP/1.1" 200 60 "-" "PostmanRuntime/7.37.3"
::1 - - [01/May/2024:11:53:44 +0000] "GET /api/v1/user/getUser/1 HTTP/1.1" 500 49 "-" "PostmanRuntime/7.37.3"
::1 - - [01/May/2024:11:54:04 +0000] "GET /api/v1/user/getUser/1 HTTP/1.1" 500 92 "-" "PostmanRuntime/7.37.3"
::1 - - [01/May/2024:11:54:15 +0000] "GET /api/v1/user/getUser/1 HTTP/1.1" 200 394 "-" "PostmanRuntime/7.37.3"
::1 - - [01/May/2024:11:54:32 +0000] "GET /api/v1/user/getUser/1 HTTP/1.1" 200 394 "-" "PostmanRuntime/7.37.3"
::1 - - [01/May/2024:11:54:53 +0000] "GET /api/v1/user/allUsers?page_no=1 HTTP/1.1" 200 3509 "-" "PostmanRuntime/7.37.3"
::1 - - [01/May/2024:12:25:22 +0000] "GET /api/v1/post/57546 HTTP/1.1" 500 74 "-" "PostmanRuntime/7.37.3"
::1 - - [01/May/2024:12:25:39 +0000] "GET /api/v1/post/57546 HTTP/1.1" 500 88 "-" "PostmanRuntime/7.37.3"
::1 - - [01/May/2024:12:26:08 +0000] "GET /api/v1/post/57546 HTTP/1.1" 200 55072 "-" "PostmanRuntime/7.37.3"
::1 - - [01/May/2024:12:28:39 +0000] "GET /api/v1/post/57546 HTTP/1.1" 200 2709 "-" "PostmanRuntime/7.37.3"
::1 - - [01/May/2024:12:30:29 +0000] "GET /api/v1/post/57546 HTTP/1.1" 200 2721 "-" "PostmanRuntime/7.37.3"
::1 - - [01/May/2024:12:33:30 +0000] "GET /api/v1/post/57546 HTTP/1.1" 200 3339 "-" "PostmanRuntime/7.37.3"
::1 - - [01/May/2024:12:44:27 +0000] "GET /api/v1/user/fetUserByMobile?mobile_no=9999999999 HTTP/1.1" 500 85 "-" "PostmanRuntime/7.37.3"
::1 - - [01/May/2024:12:44:52 +0000] "GET /api/v1/user/fetUserByMobile?mobile_no=9999999999 HTTP/1.1" 200 428 "-" "PostmanRuntime/7.37.3"
::1 - - [01/May/2024:12:46:41 +0000] "GET /api/v1/user/fetUserByMobile?mobile_no=9999999999 HTTP/1.1" 200 1997 "-" "PostmanRuntime/7.37.3"
